<?xml version="1.0" encoding="UTF-8"?>
<!-- Generated by org.testng.reporters.JUnitXMLReporter -->
<testsuite ignored="2" hostname="E2ML15849" failures="0" tests="8" name="TestNG features" time="0.1" errors="0" timestamp="27 Dec 2018 20:47:50 GMT">
  <testcase classname="testNG.TestGrouping" name="f1" time="0.015"/>
  <testcase classname="testNG.TestGrouping" name="f2" time="0.004"/>
  <testcase classname="testNG.TestGrouping" name="f3" time="0.003"/>
  <testcase classname="testNG.TestGrouping" name="f5" time="0.004"/>
  <testcase classname="testNG.TestGroupingNew" name="g1" time="0.002"/>
  <testcase classname="testNG.TestGroupingNew" name="g2" time="0.002"/>
  <testcase classname="testNG.TestGroupingNew" name="g4" time="0.002"/>
  <testcase classname="testNG.TestGroupingNew" name="g5" time="0.001"/>
  <testcase classname="testNG.TestGroupingNew" name="g3" time="0.0">
    <ignored/>
  </testcase> <!-- g3 -->
  <testcase classname="testNG.TestGrouping" name="f4" time="0.0">
    <ignored/>
  </testcase> <!-- f4 -->
</testsuite> <!-- TestNG features -->
