<?xml version="1.0" encoding="UTF-8"?>
<testng-results skipped="0" failed="0" total="1" passed="1">
  <reporter-output>
    <line>
      <![CDATA[<img src="file://C:\dev\workspace\SeleniumProject\test-output\ScreenShots\20170316_145031.png" alt=""/></img>]]>
    </line>
  </reporter-output>
  <suite name="Default suite" duration-ms="39219" started-at="2017-03-16T18:49:54Z" finished-at="2017-03-16T18:50:33Z">
    <groups>
    </groups>
    <test name="Default test" duration-ms="39219" started-at="2017-03-16T18:49:54Z" finished-at="2017-03-16T18:50:33Z">
      <class name="com.demoaut.newtours.TestScripts.BookTicketTest">
        <test-method status="PASS" signature="openBrowser()[pri:0, instance:com.demoaut.newtours.TestScripts.BookTicketTest@482f8f11]" name="openBrowser" is-config="true" duration-ms="32175" started-at="2017-03-16T14:49:54Z" finished-at="2017-03-16T14:50:26Z">
          <reporter-output>
          </reporter-output>
        </test-method> <!-- openBrowser -->
        <test-method status="PASS" signature="bookTicket()[pri:0, instance:com.demoaut.newtours.TestScripts.BookTicketTest@482f8f11]" name="bookTicket" duration-ms="4901" started-at="2017-03-16T14:50:26Z" finished-at="2017-03-16T14:50:31Z">
          <reporter-output>
            <line>
              <![CDATA[<img src="file://C:\dev\workspace\SeleniumProject\test-output\ScreenShots\20170316_145031.png" alt=""/></img>]]>
            </line>
          </reporter-output>
        </test-method> <!-- bookTicket -->
        <test-method status="PASS" signature="closeBrowser()[pri:0, instance:com.demoaut.newtours.TestScripts.BookTicketTest@482f8f11]" name="closeBrowser" is-config="true" duration-ms="2129" started-at="2017-03-16T14:50:31Z" finished-at="2017-03-16T14:50:33Z">
          <reporter-output>
          </reporter-output>
        </test-method> <!-- closeBrowser -->
      </class> <!-- com.demoaut.newtours.TestScripts.BookTicketTest -->
    </test> <!-- Default test -->
  </suite> <!-- Default suite -->
</testng-results>
