<?xml version="1.0" encoding="UTF-8"?>
<!-- Generated by org.testng.reporters.JUnitXMLReporter -->
<testsuite hostname="E2ML21713" name="Test" tests="3" failures="0" timestamp="16 Mar 2017 13:42:13 GMT" time="86.869" errors="0">
  <testcase name="bookTicket" time="5.099" classname="com.demoaut.newtours.TestScripts.BookTicketTest"/>
  <testcase name="credentialVerification" time="2.817" classname="com.demoaut.newtours.TestScripts.ValidateCredentialsTest"/>
  <testcase name="registerNewUser" time="2.405" classname="com.demoaut.newtours.TestScripts.RegisterNewUserTest"/>
</testsuite> <!-- Test -->
