<?xml version="1.0" encoding="UTF-8"?>
<testng-results skipped="0" failed="0" ignored="0" total="1" passed="1">
  <reporter-output>
  </reporter-output>
  <suite name="Default suite" duration-ms="9456" started-at="2018-12-29T22:29:46Z" finished-at="2018-12-29T22:29:55Z">
    <groups>
    </groups>
    <test name="Default test" duration-ms="9456" started-at="2018-12-29T22:29:46Z" finished-at="2018-12-29T22:29:55Z">
      <class name="tests.Test99GuruLogin">
        <test-method status="PASS" signature="setup()[pri:0, instance:tests.Test99GuruLogin@36b4cef0]" name="setup" is-config="true" duration-ms="8609" started-at="2018-12-29T22:29:46Z" finished-at="2018-12-29T22:29:54Z">
          <reporter-output>
          </reporter-output>
        </test-method> <!-- setup -->
        <test-method status="PASS" signature="test_Home_Page_Appear_Correct()[pri:0, instance:tests.Test99GuruLogin@36b4cef0]" name="test_Home_Page_Appear_Correct" duration-ms="826" started-at="2018-12-29T22:29:54Z" finished-at="2018-12-29T22:29:55Z">
          <reporter-output>
          </reporter-output>
        </test-method> <!-- test_Home_Page_Appear_Correct -->
      </class> <!-- tests.Test99GuruLogin -->
    </test> <!-- Default test -->
  </suite> <!-- Default suite -->
</testng-results>
