<?xml version="1.0" encoding="UTF-8"?>
<testng-results ignored="2" total="10" passed="8" failed="0" skipped="0">
  <reporter-output>
  </reporter-output>
  <suite started-at="2018-12-27T20:47:50Z" name="TestNG" finished-at="2018-12-27T20:47:50Z" duration-ms="100">
    <groups>
      <group name="A">
        <method signature="TestGrouping.f1()[pri:0, instance:testNG.TestGrouping@14555e0a]" name="f1" class="testNG.TestGrouping"/>
        <method signature="TestGrouping.f5()[pri:0, instance:testNG.TestGrouping@14555e0a]" name="f5" class="testNG.TestGrouping"/>
        <method signature="TestGroupingNew.g1()[pri:0, instance:testNG.TestGroupingNew@3d5c822d]" name="g1" class="testNG.TestGroupingNew"/>
      </group> <!-- A -->
      <group name="B">
        <method signature="TestGrouping.f2()[pri:0, instance:testNG.TestGrouping@14555e0a]" name="f2" class="testNG.TestGrouping"/>
        <method signature="TestGrouping.f3()[pri:0, instance:testNG.TestGrouping@14555e0a]" name="f3" class="testNG.TestGrouping"/>
        <method signature="TestGroupingNew.g4()[pri:0, instance:testNG.TestGroupingNew@3d5c822d]" name="g4" class="testNG.TestGroupingNew"/>
      </group> <!-- B -->
      <group name="D">
        <method signature="TestGroupingNew.g2()[pri:0, instance:testNG.TestGroupingNew@3d5c822d]" name="g2" class="testNG.TestGroupingNew"/>
        <method signature="TestGroupingNew.g5()[pri:0, instance:testNG.TestGroupingNew@3d5c822d]" name="g5" class="testNG.TestGroupingNew"/>
      </group> <!-- D -->
    </groups>
    <test started-at="2018-12-27T20:47:50Z" name="TestNG features" finished-at="2018-12-27T20:47:50Z" duration-ms="100">
      <class name="testNG.TestGrouping">
        <test-method signature="f1()[pri:0, instance:testNG.TestGrouping@14555e0a]" started-at="2018-12-27T20:47:50Z" name="f1" finished-at="2018-12-27T20:47:50Z" duration-ms="15" status="PASS">
          <reporter-output>
          </reporter-output>
        </test-method> <!-- f1 -->
        <test-method signature="f2()[pri:0, instance:testNG.TestGrouping@14555e0a]" started-at="2018-12-27T20:47:50Z" name="f2" finished-at="2018-12-27T20:47:50Z" duration-ms="4" status="PASS">
          <reporter-output>
          </reporter-output>
        </test-method> <!-- f2 -->
        <test-method signature="f3()[pri:0, instance:testNG.TestGrouping@14555e0a]" started-at="2018-12-27T20:47:50Z" name="f3" finished-at="2018-12-27T20:47:50Z" duration-ms="3" status="PASS">
          <reporter-output>
          </reporter-output>
        </test-method> <!-- f3 -->
        <test-method signature="f5()[pri:0, instance:testNG.TestGrouping@14555e0a]" started-at="2018-12-27T20:47:50Z" name="f5" finished-at="2018-12-27T20:47:50Z" duration-ms="4" status="PASS">
          <reporter-output>
          </reporter-output>
        </test-method> <!-- f5 -->
      </class> <!-- testNG.TestGrouping -->
      <class name="testNG.TestGroupingNew">
        <test-method signature="g1()[pri:0, instance:testNG.TestGroupingNew@3d5c822d]" started-at="2018-12-27T20:47:50Z" name="g1" finished-at="2018-12-27T20:47:50Z" duration-ms="2" status="PASS">
          <reporter-output>
          </reporter-output>
        </test-method> <!-- g1 -->
        <test-method signature="g2()[pri:0, instance:testNG.TestGroupingNew@3d5c822d]" started-at="2018-12-27T20:47:50Z" name="g2" finished-at="2018-12-27T20:47:50Z" duration-ms="2" status="PASS">
          <reporter-output>
          </reporter-output>
        </test-method> <!-- g2 -->
        <test-method signature="g4()[pri:0, instance:testNG.TestGroupingNew@3d5c822d]" started-at="2018-12-27T20:47:50Z" name="g4" finished-at="2018-12-27T20:47:50Z" duration-ms="2" status="PASS">
          <reporter-output>
          </reporter-output>
        </test-method> <!-- g4 -->
        <test-method signature="g5()[pri:0, instance:testNG.TestGroupingNew@3d5c822d]" started-at="2018-12-27T20:47:50Z" name="g5" finished-at="2018-12-27T20:47:50Z" duration-ms="1" status="PASS">
          <reporter-output>
          </reporter-output>
        </test-method> <!-- g5 -->
      </class> <!-- testNG.TestGroupingNew -->
    </test> <!-- TestNG features -->
  </suite> <!-- TestNG -->
</testng-results>
